2024-03-08 15:02:10.664149 - [1] keepalive
;
2024-03-08 15:02:09.809962 - [0] PING
 - 2024-03-08 15:02:10.729220 - [3/0] PONG (1)
;
2024-03-08 15:02:10.582840 - [1] PING
 - 2024-03-08 15:02:11.272614 - [5/1] PONG (1)
;
2024-03-08 15:02:10.984117 - [2] PING
 - 2024-03-08 15:02:11.942009 - [7/2] PONG (1)
;
2024-03-08 15:02:13.517962 - [3] PING
 - 2024-03-08 15:02:13.679195 - [8/3] PONG (1)
;
2024-03-08 15:02:15.655415 - [10] keepalive
;
2024-03-08 15:02:15.607465 - [4] PING
 - 2024-03-08 15:02:15.833514 - [12/4] PONG (1)
;
2024-03-08 15:02:16.183774 - [5] PING
 - 2024-03-08 15:02:16.746286 - [13/5] PONG (1)
;
2024-03-08 15:02:17.132036 - [6] PING
 - 2024-03-08 15:02:17.325852 - [14/6] PONG (1)
;
2024-03-08 15:02:17.470739 - [7] PING
 - 2024-03-08 15:02:17.759498 - [16/7] PONG (1)
;
2024-03-08 15:02:19.995183 - [8] PING
 - 2024-03-08 15:02:20.188969 - [17/8] PONG (1)
;
2024-03-08 15:02:20.668063 - [19] keepalive
;
2024-03-08 15:02:22.567065 - [10] PING
 - 2024-03-08 15:02:23.289511 - [23/10] PONG (1)
;
2024-03-08 15:02:23.836333 - [11] PING
 - 2024-03-08 15:02:24.625519 - [25/11] PONG (1)
;
2024-03-08 15:02:20.539109 - [9] PING
 - 2024-03-08 15:02:25.538524 - (таймаут);
2024-03-08 15:02:24.560701 - [12] PING
 - 2024-03-08 15:02:25.618797 - [26/12] PONG (1)
;
2024-03-08 15:02:25.666730 - [27] keepalive
;
2024-03-08 15:02:27.338425 - [13] PING
 - 2024-03-08 15:02:28.192398 - [30/13] PONG (1)
;
2024-03-08 15:02:28.755907 - [14] PING
 - 2024-03-08 15:02:29.313791 - [31/14] PONG (1)
;
2024-03-08 15:02:29.076909 - [15] PING
 - 2024-03-08 15:02:30.163132 - [32/15] PONG (1)
;
2024-03-08 15:02:29.570221 - [16] PING
 - 2024-03-08 15:02:30.437599 - [33/16] PONG (1)
;
2024-03-08 15:02:30.679345 - [34] keepalive
;
2024-03-08 15:02:32.463362 - [17] PING
 - 2024-03-08 15:02:33.141827 - [40/17] PONG (1)
;
2024-03-08 15:02:35.069588 - [18] PING
 - 2024-03-08 15:02:35.504807 - [42/18] PONG (1)
;
2024-03-08 15:02:35.678612 - [43] keepalive
;
2024-03-08 15:02:36.050490 - [19] PING
 - 2024-03-08 15:02:36.435849 - [45/19] PONG (1)
;
2024-03-08 15:02:38.652914 - [21] PING
 - 2024-03-08 15:02:39.103407 - [48/21] PONG (1)
;
2024-03-08 15:02:40.691951 - [50] keepalive
;
2024-03-08 15:02:40.225521 - [22] PING
 - 2024-03-08 15:02:40.691951 - [52/22] PONG (1)
;
2024-03-08 15:02:40.965683 - [23] PING
 - 2024-03-08 15:02:41.866974 - [54/23] PONG (1)
;
2024-03-08 15:02:37.338181 - [20] PING
 - 2024-03-08 15:02:42.345380 - (таймаут);
2024-03-08 15:02:42.634456 - [24] PING
 - 2024-03-08 15:02:43.084846 - [56/24] PONG (1)
;
2024-03-08 15:02:44.609266 - [25] PING
 - 2024-03-08 15:02:45.237490 - [58/25] PONG (1)
;
2024-03-08 15:02:45.688042 - [60] keepalive
;
2024-03-08 15:02:45.043818 - [26] PING
 - 2024-03-08 15:02:45.864827 - [62/26] PONG (1)
;
2024-03-08 15:02:46.774999 - [27] PING
 - 2024-03-08 15:02:47.723709 - [63/27] PONG (1)
;
2024-03-08 15:02:47.096785 - [28] PING
 - 2024-03-08 15:02:48.559934 - [64/28] PONG (1)
;
2024-03-08 15:02:49.407674 - [29] PING
 - 2024-03-08 15:02:49.859336 - [66/29] PONG (1)
;
2024-03-08 15:02:50.695662 - [67] keepalive
;
2024-03-08 15:02:53.458793 - [31] PING
 - 2024-03-08 15:02:54.038751 - [71/31] PONG (1)
;
2024-03-08 15:02:53.862273 - [32] PING
 - 2024-03-08 15:02:54.474521 - [72/32] PONG (1)
;
2024-03-08 15:02:55.695036 - [74] keepalive
;
2024-03-08 15:02:55.549563 - [33] PING
 - 2024-03-08 15:02:56.533052 - [77/33] PONG (1)
;
2024-03-08 15:02:51.707251 - [30] PING
 - 2024-03-08 15:02:56.709660 - (таймаут);
2024-03-08 15:02:56.452141 - [34] PING
 - 2024-03-08 15:02:57.271559 - [79/34] PONG (1)
;
2024-03-08 15:02:59.153718 - [35] PING
 - 2024-03-08 15:03:00.116698 - [81/35] PONG (1)
;
2024-03-08 15:03:00.696922 - [82] keepalive
;
2024-03-08 15:03:02.526890 - [37] PING
 - 2024-03-08 15:03:03.411123 - [85/37] PONG (1)
;
2024-03-08 15:03:05.709652 - [88] keepalive
;
2024-03-08 15:03:05.034830 - [38] PING
 - 2024-03-08 15:03:05.966097 - [90/38] PONG (1)
;
2024-03-08 15:03:01.083007 - [36] PING
 - 2024-03-08 15:03:06.076751 - (таймаут);
2024-03-08 15:03:08.041289 - [39] PING
 - 2024-03-08 15:03:08.890496 - [92/39] PONG (1)
;
2024-03-08 15:03:10.717918 - [94] keepalive
;
2024-03-08 15:03:13.158886 - [41] PING
 - 2024-03-08 15:03:14.062005 - [97/41] PONG (1)
;
2024-03-08 15:03:10.349268 - [40] PING
 - 2024-03-08 15:03:15.347669 - (таймаут);
2024-03-08 15:03:14.703506 - [42] PING
 - 2024-03-08 15:03:15.653186 - [99/42] PONG (1)
;
2024-03-08 15:03:15.717365 - [100] keepalive
;
2024-03-08 15:03:15.251145 - [43] PING
 - 2024-03-08 15:03:16.328490 - [102/43] PONG (1)
;
2024-03-08 15:03:15.957934 - [44] PING
 - 2024-03-08 15:03:16.715589 - [103/44] PONG (1)
;
2024-03-08 15:03:16.919418 - [45] PING
 - 2024-03-08 15:03:17.564183 - [105/45] PONG (1)
;
2024-03-08 15:03:18.481813 - [46] PING
 - 2024-03-08 15:03:19.411348 - [108/46] PONG (1)
;
2024-03-08 15:03:20.729230 - [110] keepalive
;
2024-03-08 15:03:20.664744 - [47] PING
 - 2024-03-08 15:03:21.546524 - [113/47] PONG (1)
;
2024-03-08 15:03:21.416785 - [48] PING
 - 2024-03-08 15:03:21.836767 - [114/48] PONG (1)
;
2024-03-08 15:03:24.037439 - [49] PING
 - 2024-03-08 15:03:24.727183 - [116/49] PONG (1)
;
2024-03-08 15:03:24.695069 - [50] PING
 - 2024-03-08 15:03:25.328461 - [118/50] PONG (1)
;
2024-03-08 15:03:25.742183 - [119] keepalive
;
2024-03-08 15:03:25.500089 - [51] PING
 - 2024-03-08 15:03:25.774492 - [121/51] PONG (1)
;
2024-03-08 15:03:26.403100 - [52] PING
 - 2024-03-08 15:03:27.385912 - [122/52] PONG (1)
;
2024-03-08 15:03:28.329061 - [54] PING
 - 2024-03-08 15:03:28.730985 - [124/54] PONG (1)
;
2024-03-08 15:03:29.117200 - [55] PING
 - 2024-03-08 15:03:29.806004 - [126/55] PONG (1)
;
2024-03-08 15:03:30.752658 - [127] keepalive
;
2024-03-08 15:03:27.799050 - [53] PING
 - 2024-03-08 15:03:32.796027 - (таймаут);
2024-03-08 15:03:33.520239 - [58] PING
 - 2024-03-08 15:03:33.971006 - [130/58] PONG (1)
;
2024-03-08 15:03:33.922271 - [59] PING
 - 2024-03-08 15:03:34.255709 - [131/59] PONG (1)
;
2024-03-08 15:03:34.287921 - [60] PING
 - 2024-03-08 15:03:34.705551 - [133/60] PONG (1)
;
2024-03-08 15:03:35.011171 - [61] PING
 - 2024-03-08 15:03:35.623190 - [134/61] PONG (1)
;
2024-03-08 15:03:35.751263 - [135] keepalive
;
2024-03-08 15:03:31.123298 - [56] PING
 - 2024-03-08 15:03:36.122672 - (таймаут);
2024-03-08 15:03:36.840587 - [62] PING
 - 2024-03-08 15:03:37.340435 - [138/62] PONG (1)
;
2024-03-08 15:03:33.021427 - [57] PING
 - 2024-03-08 15:03:38.017338 - (таймаут);
2024-03-08 15:03:38.658303 - [63] PING
 - 2024-03-08 15:03:39.559159 - [140/63] PONG (1)
;
2024-03-08 15:03:40.762313 - [141] keepalive
;
2024-03-08 15:03:40.698274 - [64] PING
 - 2024-03-08 15:03:40.939971 - [143/64] PONG (1)
;
2024-03-08 15:03:43.671575 - [65] PING
 - 2024-03-08 15:03:43.896371 - [146/65] PONG (1)
;
2024-03-08 15:03:45.776094 - [149] keepalive
;
2024-03-08 15:03:47.189471 - [67] PING
 - 2024-03-08 15:03:47.947243 - [153/67] PONG (1)
;
2024-03-08 15:03:48.236131 - [68] PING
 - 2024-03-08 15:03:49.170275 - [155/68] PONG (1)
;
2024-03-08 15:03:44.877015 - [66] PING
 - 2024-03-08 15:03:49.873971 - (таймаут);
2024-03-08 15:03:50.789703 - [156] keepalive
;
2024-03-08 15:03:50.228524 - [69] PING
 - 2024-03-08 15:03:50.789703 - [158/69] PONG (1)
;
2024-03-08 15:03:50.677298 - [70] PING
 - 2024-03-08 15:03:51.687854 - [160/70] PONG (1)
;
2024-03-08 15:03:53.378966 - [71] PING
 - 2024-03-08 15:03:54.199152 - [161/71] PONG (1)
;
2024-03-08 15:03:54.746445 - [72] PING
 - 2024-03-08 15:03:55.743045 - [162/72] PONG (1)
;
2024-03-08 15:03:55.805108 - [163] keepalive
;
2024-03-08 15:03:55.916208 - [73] PING
 - 2024-03-08 15:03:56.173875 - [165/73] PONG (1)
;
2024-03-08 15:03:58.891386 - [74] PING
 - 2024-03-08 15:03:59.439067 - [168/74] PONG (1)
;
2024-03-08 15:04:00.272062 - [75] PING
 - 2024-03-08 15:04:00.416666 - [169/75] PONG (1)
;
2024-03-08 15:04:00.801885 - [170] keepalive
;
2024-03-08 15:04:01.784001 - [76] PING
 - 2024-03-08 15:04:02.025265 - [173/76] PONG (1)
;
2024-03-08 15:04:02.537312 - [77] PING
 - 2024-03-08 15:04:03.488235 - [174/77] PONG (1)
;
2024-03-08 15:04:05.807518 - [176] keepalive
;
2024-03-08 15:04:05.153918 - [78] PING
 - 2024-03-08 15:04:06.065970 - [178/78] PONG (1)
;
2024-03-08 15:04:06.064503 - [79] PING
 - 2024-03-08 15:04:07.055100 - [179/79] PONG (1)
;
2024-03-08 15:04:08.505407 - [80] PING
 - 2024-03-08 15:04:08.904804 - [181/80] PONG (1)
;
2024-03-08 15:04:10.834471 - [182] keepalive
;
2024-03-08 15:04:11.054440 - [81] PING
 - 2024-03-08 15:04:11.876463 - [185/81] PONG (1)
;
2024-03-08 15:04:13.739505 - [82] PING
 - 2024-03-08 15:04:14.463306 - [186/82] PONG (1)
;
2024-03-08 15:04:14.720404 - [83] PING
 - 2024-03-08 15:04:15.583700 - [188/83] PONG (1)
;
2024-03-08 15:04:15.842186 - [189] keepalive
;
2024-03-08 15:04:15.058262 - [84] PING
 - 2024-03-08 15:04:16.438062 - [191/84] PONG (1)
;
2024-03-08 15:04:16.438062 - [85] PING
 - 2024-03-08 15:04:16.743589 - [194/85] PONG (1)
;
2024-03-08 15:04:17.817914 - [86] PING
 - 2024-03-08 15:04:17.980231 - [195/86] PONG (1)
;
2024-03-08 15:04:19.589274 - [87] PING
 - 2024-03-08 15:04:20.215161 - [197/87] PONG (1)
;
2024-03-08 15:04:20.852773 - [199] keepalive
;
2024-03-08 15:04:22.404130 - [89] PING
 - 2024-03-08 15:04:22.920676 - [201/89] PONG (1)
;
2024-03-08 15:04:23.354838 - [90] PING
 - 2024-03-08 15:04:23.949698 - [203/90] PONG (1)
;
2024-03-08 15:04:20.231533 - [88] PING
 - 2024-03-08 15:04:25.245178 - (таймаут);
2024-03-08 15:04:25.843570 - [205] keepalive
;
2024-03-08 15:04:25.682703 - [91] PING
 - 2024-03-08 15:04:25.989595 - [207/91] PONG (1)
;
2024-03-08 15:04:28.432143 - [92] PING
 - 2024-03-08 15:04:29.254915 - [208/92] PONG (1)
;
2024-03-08 15:04:29.287067 - [93] PING
 - 2024-03-08 15:04:30.252338 - [209/93] PONG (1)
;
2024-03-08 15:04:30.858413 - [210] keepalive
;
2024-03-08 15:04:31.467378 - [94] PING
 - 2024-03-08 15:04:32.337562 - [213/94] PONG (1)
;
2024-03-08 15:04:33.542397 - [95] PING
 - 2024-03-08 15:04:34.445406 - [217/95] PONG (1)
;
2024-03-08 15:04:35.870447 - [218] keepalive
;
2024-03-08 15:04:35.966600 - [96] PING
 - 2024-03-08 15:04:36.321033 - [220/96] PONG (1)
;
2024-03-08 15:04:38.297874 - [97] PING
 - 2024-03-08 15:04:39.054674 - [222/97] PONG (1)
;
2024-03-08 15:04:39.759345 - [98] PING
 - 2024-03-08 15:04:40.113774 - [224/98] PONG (1)
;
2024-03-08 15:04:40.888139 - [225] keepalive
;
2024-03-08 15:04:40.678565 - [99] PING
 - 2024-03-08 15:04:41.017341 - [227/99] PONG (1)
;
2024-03-08 15:04:43.153223 - [100] PING
 - 2024-03-08 15:04:43.536960 - [230/100] PONG (1)
;
2024-03-08 15:04:44.504947 - [101] PING
 - 2024-03-08 15:04:44.762992 - [232/101] PONG (1)
;
2024-03-08 15:04:45.164409 - [102] PING
 - 2024-03-08 15:04:45.755664 - [234/102] PONG (1)
;
2024-03-08 15:04:45.900919 - [235] keepalive
;
2024-03-08 15:04:50.129743 - [104] PING
 - 2024-03-08 15:04:50.790714 - [241/104] PONG (1)
;
2024-03-08 15:04:50.903830 - [242] keepalive
;
2024-03-08 15:04:47.879547 - [103] PING
 - 2024-03-08 15:04:52.872224 - (таймаут);
2024-03-08 15:04:55.910443 - [249] keepalive
;
2024-03-08 15:04:55.427571 - [106] PING
 - 2024-03-08 15:04:56.086961 - [251/106] PONG (1)
;
2024-03-08 15:04:52.504304 - [105] PING
 - 2024-03-08 15:04:57.497478 - (таймаут);
2024-03-08 15:04:57.014453 - [107] PING
 - 2024-03-08 15:04:57.448900 - [255/107] PONG (1)
;
2024-03-08 15:04:57.915521 - [108] PING
 - 2024-03-08 15:04:58.381268 - [256/108] PONG (1)
;
2024-03-08 15:05:00.919250 - [258] keepalive
;
2024-03-08 15:05:03.637101 - [111] PING
 - 2024-03-08 15:05:03.969779 - [261/111] PONG (1)
;
2024-03-08 15:05:00.505401 - [109] PING
 - 2024-03-08 15:05:05.500585 - (таймаут);
2024-03-08 15:05:05.500585 - [112] PING
 - 2024-03-08 15:05:05.719958 - [263/112] PONG (1)
;
2024-03-08 15:05:05.927335 - [264] keepalive
;
2024-03-08 15:05:01.176086 - [110] PING
 - 2024-03-08 15:05:06.178885 - (таймаут);
2024-03-08 15:05:09.268516 - [114] PING
 - 2024-03-08 15:05:09.834236 - [269/114] PONG (1)
;
2024-03-08 15:05:10.931951 - [271] keepalive
;
2024-03-08 15:05:10.192655 - [115] PING
 - 2024-03-08 15:05:10.852815 - [270/115] PONG (1)
;
2024-03-08 15:05:12.472676 - [116] PING
 - 2024-03-08 15:05:12.883358 - [274/116] PONG (1)
;
2024-03-08 15:05:08.337813 - [113] PING
 - 2024-03-08 15:05:13.357294 - (таймаут);
2024-03-08 15:05:14.990293 - [117] PING
 - 2024-03-08 15:05:15.730002 - [276/117] PONG (1)
;
2024-03-08 15:05:15.935366 - [277] keepalive
;
2024-03-08 15:05:15.479448 - [118] PING
 - 2024-03-08 15:05:16.556983 - [280/118] PONG (1)
;
2024-03-08 15:05:18.464457 - [119] PING
 - 2024-03-08 15:05:19.422358 - [284/119] PONG (1)
;
2024-03-08 15:05:20.947591 - [286] keepalive
;
2024-03-08 15:05:21.165693 - [120] PING
 - 2024-03-08 15:05:21.622013 - [288/120] PONG (1)
;
2024-03-08 15:05:22.329896 - [121] PING
 - 2024-03-08 15:05:22.971231 - [289/121] PONG (1)
;
2024-03-08 15:05:24.651186 - [122] PING
 - 2024-03-08 15:05:24.854560 - [291/122] PONG (1)
;
2024-03-08 15:05:25.104880 - [123] PING
 - 2024-03-08 15:05:25.262690 - [292/123] PONG (1)
;
2024-03-08 15:05:25.955467 - [294] keepalive
;
2024-03-08 15:05:26.255316 - [124] PING
 - 2024-03-08 15:05:26.776096 - [296/124] PONG (1)
;
2024-03-08 15:05:29.144924 - [125] PING
 - 2024-03-08 15:05:30.086467 - [298/125] PONG (1)
;
2024-03-08 15:05:30.950659 - [300] keepalive
;
2024-03-08 15:05:31.233799 - [126] PING
 - 2024-03-08 15:05:31.483241 - [302/126] PONG (1)
;
2024-03-08 15:05:33.388833 - [127] PING
 - 2024-03-08 15:05:33.530747 - [305/127] PONG (1)
;
2024-03-08 15:05:35.622948 - [128] PING
 - 2024-03-08 15:05:35.761808 - [307/128] PONG (1)
;
2024-03-08 15:05:35.949897 - [308] keepalive
;
2024-03-08 15:05:40.955852 - [312] keepalive
;
2024-03-08 15:05:40.274657 - [130] PING
 - 2024-03-08 15:05:40.924136 - [311/130] PONG (1)
;
2024-03-08 15:05:41.067455 - [131] PING
 - 2024-03-08 15:05:41.764087 - [314/131] PONG (1)
;
2024-03-08 15:05:37.809064 - [129] PING
 - 2024-03-08 15:05:42.823351 - (таймаут);
2024-03-08 15:05:44.045264 - [132] PING
 - 2024-03-08 15:05:45.046822 - [317/132] PONG (1)
;
2024-03-08 15:05:44.602959 - [133] PING
 - 2024-03-08 15:05:45.857143 - [319/133] PONG (1)
;
2024-03-08 15:05:45.936369 - [321] keepalive
;
2024-03-08 15:05:49.305202 - [135] PING
 - 2024-03-08 15:05:49.843386 - [325/135] PONG (1)
;
2024-03-08 15:05:50.949093 - [326] keepalive
;
2024-03-08 15:05:46.502269 - [134] PING
 - 2024-03-08 15:05:51.500766 - (таймаут);
2024-03-08 15:05:51.358158 - [136] PING
 - 2024-03-08 15:05:52.057890 - [330/136] PONG (1)
;
2024-03-08 15:05:53.322243 - [137] PING
 - 2024-03-08 15:05:54.312053 - [332/137] PONG (1)
;
2024-03-08 15:05:54.518107 - [138] PING
 - 2024-03-08 15:05:54.962738 - [333/138] PONG (1)
;
2024-03-08 15:05:55.959650 - [334] keepalive
;
2024-03-08 15:05:58.513374 - [140] PING
 - 2024-03-08 15:05:58.732898 - [338/140] PONG (1)
;
2024-03-08 15:06:00.960339 - [339] keepalive
;
2024-03-08 15:05:56.102873 - [139] PING
 - 2024-03-08 15:06:01.117383 - (таймаут);
2024-03-08 15:06:02.751073 - [142] PING
 - 2024-03-08 15:06:03.711585 - [343/142] PONG (1)
;
2024-03-08 15:06:04.229537 - [143] PING
 - 2024-03-08 15:06:04.655014 - [344/143] PONG (1)
;
2024-03-08 15:06:00.190137 - [141] PING
 - 2024-03-08 15:06:05.193094 - (таймаут);
2024-03-08 15:06:05.952849 - [346] keepalive
;
2024-03-08 15:06:06.031553 - [144] PING
 - 2024-03-08 15:06:06.738982 - [351/144] PONG (1)
;
2024-03-08 15:06:07.624027 - [145] PING
 - 2024-03-08 15:06:08.333693 - [352/145] PONG (1)
;
2024-03-08 15:06:08.158848 - [146] PING
 - 2024-03-08 15:06:08.460097 - [353/146] PONG (1)
;
2024-03-08 15:06:09.705462 - [147] PING
 - 2024-03-08 15:06:10.130818 - [355/147] PONG (1)
;
2024-03-08 15:06:10.949034 - [357] keepalive
;
2024-03-08 15:06:12.371673 - [148] PING
 - 2024-03-08 15:06:12.860089 - [359/148] PONG (1)
;
2024-03-08 15:06:15.145594 - [149] PING
 - 2024-03-08 15:06:15.839359 - [361/149] PONG (1)
;
2024-03-08 15:06:15.950385 - [362] keepalive
;
2024-03-08 15:06:15.459939 - [150] PING
 - 2024-03-08 15:06:16.646293 - [365/150] PONG (1)
;
2024-03-08 15:06:17.484150 - [151] PING
 - 2024-03-08 15:06:17.861549 - [367/151] PONG (1)
;
2024-03-08 15:06:18.919158 - [152] PING
 - 2024-03-08 15:06:19.815728 - [369/152] PONG (1)
;
2024-03-08 15:06:20.146787 - [153] PING
 - 2024-03-08 15:06:20.352191 - [370/153] PONG (1)
;
2024-03-08 15:06:20.947903 - [372] keepalive
;
2024-03-08 15:06:20.729384 - [154] PING
 - 2024-03-08 15:06:21.560816 - [374/154] PONG (1)
;
2024-03-08 15:06:22.561351 - [155] PING
 - 2024-03-08 15:06:23.093964 - [377/155] PONG (1)
;
2024-03-08 15:06:23.093964 - [156] PING
 - 2024-03-08 15:06:23.990540 - [378/156] PONG (1)
;
2024-03-08 15:06:25.953784 - [379] keepalive
;
2024-03-08 15:06:25.811713 - [157] PING
 - 2024-03-08 15:06:26.252982 - [382/157] PONG (1)
;
2024-03-08 15:06:29.312324 - [159] PING
 - 2024-03-08 15:06:30.226889 - [384/159] PONG (1)
;
2024-03-08 15:06:30.948221 - [386] keepalive
;
2024-03-08 15:06:26.676682 - [158] PING
 - 2024-03-08 15:06:31.672766 - (таймаут);
2024-03-08 15:06:32.004648 - [160] PING
 - 2024-03-08 15:06:32.853400 - [389/160] PONG (1)
;
2024-03-08 15:06:33.118967 - [161] PING
 - 2024-03-08 15:06:33.957228 - [392/161] PONG (1)
;
2024-03-08 15:06:35.959856 - [394] keepalive
;
2024-03-08 15:06:38.165085 - [163] PING
 - 2024-03-08 15:06:38.780530 - [397/163] PONG (1)
;
2024-03-08 15:06:35.202341 - [162] PING
 - 2024-03-08 15:06:40.197388 - (таймаут);
2024-03-08 15:06:40.953340 - [400] keepalive
;
2024-03-08 15:06:39.992012 - [164] PING
 - 2024-03-08 15:06:40.874925 - [399/164] PONG (1)
;
2024-03-08 15:06:41.806756 - [165] PING
 - 2024-03-08 15:06:41.995136 - [402/165] PONG (1)
;
2024-03-08 15:06:42.311437 - [166] PING
 - 2024-03-08 15:06:43.052487 - [405/166] PONG (1)
;
2024-03-08 15:06:43.997671 - [167] PING
 - 2024-03-08 15:06:44.155582 - [407/167] PONG (1)
;
2024-03-08 15:06:45.952848 - [408] keepalive
;
2024-03-08 15:06:46.521970 - [168] PING
 - 2024-03-08 15:06:47.169443 - [411/168] PONG (1)
;
2024-03-08 15:06:48.668537 - [169] PING
 - 2024-03-08 15:06:49.220954 - [413/169] PONG (1)
;
2024-03-08 15:06:50.954796 - [415] keepalive
;
2024-03-08 15:06:50.717928 - [170] PING
 - 2024-03-08 15:06:51.381954 - [417/170] PONG (1)
;
2024-03-08 15:06:52.863984 - [171] PING
 - 2024-03-08 15:06:53.780594 - [419/171] PONG (1)
;
2024-03-08 15:06:54.079633 - [172] PING
 - 2024-03-08 15:06:54.410941 - [421/172] PONG (1)
;
2024-03-08 15:06:55.952040 - [422] keepalive
;
2024-03-08 15:06:55.824886 - [173] PING
 - 2024-03-08 15:06:56.456342 - [424/173] PONG (1)
;
2024-03-08 15:06:56.156258 - [174] PING
 - 2024-03-08 15:06:56.864928 - [426/174] PONG (1)
;
2024-03-08 15:06:58.201729 - [175] PING
 - 2024-03-08 15:06:58.578502 - [427/175] PONG (1)
;
2024-03-08 15:06:58.720163 - [176] PING
 - 2024-03-08 15:06:58.862488 - [428/176] PONG (1)
;
2024-03-08 15:06:59.257296 - [177] PING
 - 2024-03-08 15:07:00.203304 - [431/177] PONG (1)
;
2024-03-08 15:07:00.962393 - [432] keepalive
;
2024-03-08 15:07:00.598150 - [178] PING
 - 2024-03-08 15:07:01.436191 - [434/178] PONG (1)
;
2024-03-08 15:07:01.436191 - [179] PING
 - 2024-03-08 15:07:02.431509 - [436/179] PONG (1)
;
2024-03-08 15:07:02.810318 - [180] PING
 - 2024-03-08 15:07:03.584097 - [439/180] PONG (1)
;
