2024-03-08 15:02:09.971184 - [0] PING
 - 2024-03-08 15:02:10.114703 - [0/0] PONG (2)
;
2024-03-08 15:02:10.664149 - [2] keepalive
;
2024-03-08 15:02:10.727904 - [1] PING
 - 2024-03-08 15:02:11.223763 - [4/1] PONG (2)
;
2024-03-08 15:02:11.433276 - [2] PING
 - 2024-03-08 15:02:11.625587 - [6/2] PONG (2)
;
2024-03-08 15:02:14.269996 - [4] PING
 - 2024-03-08 15:02:14.705602 - [9/4] PONG (2)
;
2024-03-08 15:02:15.655415 - [11] keepalive
;
2024-03-08 15:02:12.585906 - [3] PING
 - 2024-03-08 15:02:17.583606 - (таймаут);
2024-03-08 15:02:17.067310 - [5] PING
 - 2024-03-08 15:02:17.759498 - [15/5] PONG (2)
;
2024-03-08 15:02:20.124937 - [7] PING
 - 2024-03-08 15:02:20.382534 - [18/7] PONG (2)
;
2024-03-08 15:02:20.668063 - [20] keepalive
;
2024-03-08 15:02:21.730157 - [8] PING
 - 2024-03-08 15:02:21.875695 - [21/8] PONG (2)
;
2024-03-08 15:02:22.052331 - [9] PING
 - 2024-03-08 15:02:22.709642 - [22/9] PONG (2)
;
2024-03-08 15:02:18.108679 - [6] PING
 - 2024-03-08 15:02:23.112410 - (таймаут);
2024-03-08 15:02:22.806141 - [10] PING
 - 2024-03-08 15:02:23.611053 - [24/10] PONG (2)
;
2024-03-08 15:02:25.666730 - [28] keepalive
;
2024-03-08 15:02:25.730880 - [11] PING
 - 2024-03-08 15:02:25.875670 - [29/11] PONG (2)
;
2024-03-08 15:02:30.679345 - [35] keepalive
;
2024-03-08 15:02:30.098614 - [13] PING
 - 2024-03-08 15:02:30.743759 - [36/13] PONG (2)
;
2024-03-08 15:02:30.808441 - [14] PING
 - 2024-03-08 15:02:31.098172 - [37/14] PONG (2)
;
2024-03-08 15:02:31.287148 - [15] PING
 - 2024-03-08 15:02:32.045689 - [38/15] PONG (2)
;
2024-03-08 15:02:31.949202 - [16] PING
 - 2024-03-08 15:02:32.559258 - [39/16] PONG (2)
;
2024-03-08 15:02:27.660170 - [12] PING
 - 2024-03-08 15:02:32.656583 - (таймаут);
2024-03-08 15:02:34.649997 - [18] PING
 - 2024-03-08 15:02:35.150066 - [41/18] PONG (2)
;
2024-03-08 15:02:35.679130 - [44] keepalive
;
2024-03-08 15:02:36.339611 - [19] PING
 - 2024-03-08 15:02:37.258424 - [46/19] PONG (2)
;
2024-03-08 15:02:36.678674 - [20] PING
 - 2024-03-08 15:02:37.418865 - [47/20] PONG (2)
;
2024-03-08 15:02:34.249433 - [17] PING
 - 2024-03-08 15:02:39.247935 - (таймаут);
2024-03-08 15:02:39.504871 - [21] PING
 - 2024-03-08 15:02:39.875368 - [49/21] PONG (2)
;
2024-03-08 15:02:40.691951 - [51] keepalive
;
2024-03-08 15:02:41.111382 - [22] PING
 - 2024-03-08 15:02:41.689532 - [53/22] PONG (2)
;
2024-03-08 15:02:42.634456 - [23] PING
 - 2024-03-08 15:02:42.909137 - [55/23] PONG (2)
;
2024-03-08 15:02:43.728826 - [24] PING
 - 2024-03-08 15:02:44.114383 - [57/24] PONG (2)
;
2024-03-08 15:02:45.237490 - [25] PING
 - 2024-03-08 15:02:45.640358 - [59/25] PONG (2)
;
2024-03-08 15:02:45.688042 - [61] keepalive
;
2024-03-08 15:02:47.885721 - [26] PING
 - 2024-03-08 15:02:48.606150 - [65/26] PONG (2)
;
2024-03-08 15:02:50.695662 - [68] keepalive
;
2024-03-08 15:02:50.292182 - [27] PING
 - 2024-03-08 15:02:51.222870 - [69/27] PONG (2)
;
2024-03-08 15:02:51.432438 - [28] PING
 - 2024-03-08 15:02:52.126669 - [70/28] PONG (2)
;
2024-03-08 15:02:54.474521 - [30] PING
 - 2024-03-08 15:02:55.307503 - [73/30] PONG (2)
;
2024-03-08 15:02:55.695036 - [75] keepalive
;
2024-03-08 15:02:55.501038 - [31] PING
 - 2024-03-08 15:02:55.936693 - [76/31] PONG (2)
;
2024-03-08 15:02:51.949712 - [29] PING
 - 2024-03-08 15:02:56.934924 - (таймаут);
2024-03-08 15:02:56.226437 - [32] PING
 - 2024-03-08 15:02:56.967154 - [78/32] PONG (2)
;
2024-03-08 15:02:58.864802 - [33] PING
 - 2024-03-08 15:02:59.778402 - [80/33] PONG (2)
;
2024-03-08 15:03:00.698591 - [83] keepalive
;
2024-03-08 15:03:01.722208 - [34] PING
 - 2024-03-08 15:03:01.995394 - [84/34] PONG (2)
;
2024-03-08 15:03:04.664295 - [35] PING
 - 2024-03-08 15:03:04.825617 - [86/35] PONG (2)
;
2024-03-08 15:03:05.195478 - [36] PING
 - 2024-03-08 15:03:05.420341 - [87/36] PONG (2)
;
2024-03-08 15:03:05.709652 - [89] keepalive
;
2024-03-08 15:03:06.704766 - [37] PING
 - 2024-03-08 15:03:07.285192 - [91/37] PONG (2)
;
2024-03-08 15:03:09.662495 - [39] PING
 - 2024-03-08 15:03:10.477288 - [93/39] PONG (2)
;
2024-03-08 15:03:10.719419 - [95] keepalive
;
2024-03-08 15:03:11.378062 - [40] PING
 - 2024-03-08 15:03:11.828905 - [96/40] PONG (2)
;
2024-03-08 15:03:08.310018 - [38] PING
 - 2024-03-08 15:03:13.320102 - (таймаут);
2024-03-08 15:03:14.030453 - [41] PING
 - 2024-03-08 15:03:14.189838 - [98/41] PONG (2)
;
2024-03-08 15:03:15.717365 - [101] keepalive
;
2024-03-08 15:03:15.957934 - [42] PING
 - 2024-03-08 15:03:16.886604 - [104/42] PONG (2)
;
2024-03-08 15:03:17.354412 - [43] PING
 - 2024-03-08 15:03:18.288863 - [106/43] PONG (2)
;
2024-03-08 15:03:18.369430 - [44] PING
 - 2024-03-08 15:03:19.330918 - [107/44] PONG (2)
;
2024-03-08 15:03:20.729230 - [111] keepalive
;
2024-03-08 15:03:20.423178 - [45] PING
 - 2024-03-08 15:03:20.696806 - [109/45] PONG (2)
;
2024-03-08 15:03:21.224659 - [46] PING
 - 2024-03-08 15:03:21.498032 - [112/46] PONG (2)
;
2024-03-08 15:03:22.981010 - [47] PING
 - 2024-03-08 15:03:23.752005 - [115/47] PONG (2)
;
2024-03-08 15:03:25.072940 - [48] PING
 - 2024-03-08 15:03:25.263194 - [117/48] PONG (2)
;
2024-03-08 15:03:25.742183 - [120] keepalive
;
2024-03-08 15:03:27.191430 - [49] PING
 - 2024-03-08 15:03:27.751029 - [123/49] PONG (2)
;
2024-03-08 15:03:28.602099 - [50] PING
 - 2024-03-08 15:03:29.535647 - [125/50] PONG (2)
;
2024-03-08 15:03:30.752658 - [128] keepalive
;
2024-03-08 15:03:31.237348 - [51] PING
 - 2024-03-08 15:03:32.150619 - [129/51] PONG (2)
;
2024-03-08 15:03:33.681622 - [52] PING
 - 2024-03-08 15:03:34.641520 - [132/52] PONG (2)
;
2024-03-08 15:03:35.751263 - [136] keepalive
;
2024-03-08 15:03:35.654907 - [53] PING
 - 2024-03-08 15:03:36.421971 - [137/53] PONG (2)
;
2024-03-08 15:03:38.371044 - [54] PING
 - 2024-03-08 15:03:38.867068 - [139/54] PONG (2)
;
2024-03-08 15:03:40.762313 - [142] keepalive
;
2024-03-08 15:03:40.698782 - [55] PING
 - 2024-03-08 15:03:41.536900 - [144/55] PONG (2)
;
2024-03-08 15:03:41.584869 - [56] PING
 - 2024-03-08 15:03:41.794181 - [145/56] PONG (2)
;
2024-03-08 15:03:43.896371 - [58] PING
 - 2024-03-08 15:03:44.765517 - [147/58] PONG (2)
;
2024-03-08 15:03:45.097981 - [59] PING
 - 2024-03-08 15:03:45.565205 - [148/59] PONG (2)
;
2024-03-08 15:03:45.776094 - [150] keepalive
;
2024-03-08 15:03:46.001524 - [60] PING
 - 2024-03-08 15:03:46.565433 - [151/60] PONG (2)
;
2024-03-08 15:03:46.661752 - [61] PING
 - 2024-03-08 15:03:47.350887 - [152/61] PONG (2)
;
2024-03-08 15:03:42.996027 - [57] PING
 - 2024-03-08 15:03:48.010446 - (таймаут);
2024-03-08 15:03:48.800191 - [62] PING
 - 2024-03-08 15:03:48.961338 - [154/62] PONG (2)
;
2024-03-08 15:03:50.789703 - [157] keepalive
;
2024-03-08 15:03:51.225312 - [63] PING
 - 2024-03-08 15:03:51.464586 - [159/63] PONG (2)
;
2024-03-08 15:03:55.805108 - [164] keepalive
;
2024-03-08 15:03:56.301035 - [65] PING
 - 2024-03-08 15:03:57.011384 - [166/65] PONG (2)
;
2024-03-08 15:03:53.794180 - [64] PING
 - 2024-03-08 15:03:58.794665 - (таймаут);
2024-03-08 15:03:58.296167 - [66] PING
 - 2024-03-08 15:03:58.762270 - [167/66] PONG (2)
;
2024-03-08 15:04:00.801885 - [171] keepalive
;
2024-03-08 15:04:00.962478 - [67] PING
 - 2024-03-08 15:04:01.575783 - [172/67] PONG (2)
;
2024-03-08 15:04:03.214228 - [68] PING
 - 2024-03-08 15:04:03.648168 - [175/68] PONG (2)
;
2024-03-08 15:04:05.807518 - [177] keepalive
;
2024-03-08 15:04:07.152101 - [70] PING
 - 2024-03-08 15:04:07.892599 - [180/70] PONG (2)
;
2024-03-08 15:04:05.550388 - [69] PING
 - 2024-03-08 15:04:10.545921 - (таймаут);
2024-03-08 15:04:10.834471 - [183] keepalive
;
2024-03-08 15:04:11.425277 - [72] PING
 - 2024-03-08 15:04:11.698805 - [184/72] PONG (2)
;
2024-03-08 15:04:13.900303 - [73] PING
 - 2024-03-08 15:04:14.688650 - [187/73] PONG (2)
;
2024-03-08 15:04:09.805118 - [71] PING
 - 2024-03-08 15:04:14.801205 - (таймаут);
2024-03-08 15:04:15.842186 - [190] keepalive
;
2024-03-08 15:04:15.534928 - [74] PING
 - 2024-03-08 15:04:16.502685 - [192/74] PONG (2)
;
2024-03-08 15:04:16.534891 - [75] PING
 - 2024-03-08 15:04:16.743589 - [193/75] PONG (2)
;
2024-03-08 15:04:18.898190 - [76] PING
 - 2024-03-08 15:04:19.763606 - [196/76] PONG (2)
;
2024-03-08 15:04:19.682214 - [77] PING
 - 2024-03-08 15:04:20.329077 - [198/77] PONG (2)
;
2024-03-08 15:04:20.852773 - [200] keepalive
;
2024-03-08 15:04:22.743652 - [80] PING
 - 2024-03-08 15:04:23.289898 - [202/80] PONG (2)
;
2024-03-08 15:04:24.234078 - [81] PING
 - 2024-03-08 15:04:24.636817 - [204/81] PONG (2)
;
2024-03-08 15:04:20.708545 - [78] PING
 - 2024-03-08 15:04:25.715454 - (таймаут);
2024-03-08 15:04:25.843570 - [206] keepalive
;
2024-03-08 15:04:22.291611 - [79] PING
 - 2024-03-08 15:04:27.277066 - (таймаут);
2024-03-08 15:04:30.858413 - [211] keepalive
;
2024-03-08 15:04:30.585476 - [84] PING
 - 2024-03-08 15:04:31.177513 - [212/84] PONG (2)
;
2024-03-08 15:04:26.874505 - [82] PING
 - 2024-03-08 15:04:31.886558 - (таймаут);
2024-03-08 15:04:32.402189 - [85] PING
 - 2024-03-08 15:04:32.978250 - [214/85] PONG (2)
;
2024-03-08 15:04:28.672925 - [83] PING
 - 2024-03-08 15:04:33.670509 - (таймаут);
2024-03-08 15:04:33.445457 - [86] PING
 - 2024-03-08 15:04:33.815717 - [215/86] PONG (2)
;
2024-03-08 15:04:34.249828 - [87] PING
 - 2024-03-08 15:04:34.444326 - [216/87] PONG (2)
;
2024-03-08 15:04:35.871905 - [219] keepalive
;
2024-03-08 15:04:36.579178 - [88] PING
 - 2024-03-08 15:04:37.056521 - [221/88] PONG (2)
;
2024-03-08 15:04:39.244311 - [89] PING
 - 2024-03-08 15:04:39.485839 - [223/89] PONG (2)
;
2024-03-08 15:04:40.888139 - [226] keepalive
;
2024-03-08 15:04:41.735212 - [90] PING
 - 2024-03-08 15:04:41.912951 - [228/90] PONG (2)
;
2024-03-08 15:04:42.138080 - [91] PING
 - 2024-03-08 15:04:42.476475 - [229/91] PONG (2)
;
2024-03-08 15:04:43.842780 - [92] PING
 - 2024-03-08 15:04:44.036731 - [231/92] PONG (2)
;
2024-03-08 15:04:45.019990 - [93] PING
 - 2024-03-08 15:04:45.535239 - [233/93] PONG (2)
;
2024-03-08 15:04:45.900919 - [236] keepalive
;
2024-03-08 15:04:47.155834 - [94] PING
 - 2024-03-08 15:04:47.688242 - [237/94] PONG (2)
;
2024-03-08 15:04:47.958436 - [95] PING
 - 2024-03-08 15:04:48.264967 - [238/95] PONG (2)
;
2024-03-08 15:04:48.537654 - [96] PING
 - 2024-03-08 15:04:49.118981 - [239/96] PONG (2)
;
2024-03-08 15:04:49.020984 - [97] PING
 - 2024-03-08 15:04:49.311529 - [240/97] PONG (2)
;
2024-03-08 15:04:50.905292 - [243] keepalive
;
2024-03-08 15:04:51.545413 - [99] PING
 - 2024-03-08 15:04:51.931157 - [244/99] PONG (2)
;
2024-03-08 15:04:52.600298 - [100] PING
 - 2024-03-08 15:04:53.210765 - [245/100] PONG (2)
;
2024-03-08 15:04:53.870728 - [101] PING
 - 2024-03-08 15:04:54.000446 - [246/101] PONG (2)
;
2024-03-08 15:04:49.698212 - [98] PING
 - 2024-03-08 15:04:54.702715 - (таймаут);
2024-03-08 15:04:54.622791 - [102] PING
 - 2024-03-08 15:04:55.491759 - [247/102] PONG (2)
;
2024-03-08 15:04:55.910443 - [250] keepalive
;
2024-03-08 15:04:54.993616 - [103] PING
 - 2024-03-08 15:04:55.845669 - [248/103] PONG (2)
;
2024-03-08 15:04:55.572279 - [104] PING
 - 2024-03-08 15:04:56.439733 - [252/104] PONG (2)
;
2024-03-08 15:04:56.312132 - [105] PING
 - 2024-03-08 15:04:57.079427 - [253/105] PONG (2)
;
2024-03-08 15:04:56.740971 - [106] PING
 - 2024-03-08 15:04:57.240678 - [254/106] PONG (2)
;
2024-03-08 15:04:58.446150 - [107] PING
 - 2024-03-08 15:04:59.261817 - [257/107] PONG (2)
;
2024-03-08 15:05:00.919250 - [259] keepalive
;
2024-03-08 15:05:01.111795 - [108] PING
 - 2024-03-08 15:05:01.656936 - [260/108] PONG (2)
;
2024-03-08 15:05:05.375741 - [110] PING
 - 2024-03-08 15:05:05.548278 - [262/110] PONG (2)
;
2024-03-08 15:05:05.927335 - [265] keepalive
;
2024-03-08 15:05:06.508132 - [111] PING
 - 2024-03-08 15:05:07.279062 - [266/111] PONG (2)
;
2024-03-08 15:05:03.194080 - [109] PING
 - 2024-03-08 15:05:08.195487 - (таймаут);
2024-03-08 15:05:08.713912 - [112] PING
 - 2024-03-08 15:05:09.048950 - [267/112] PONG (2)
;
2024-03-08 15:05:09.191435 - [113] PING
 - 2024-03-08 15:05:09.614513 - [268/113] PONG (2)
;
2024-03-08 15:05:10.931951 - [272] keepalive
;
2024-03-08 15:05:10.806956 - [114] PING
 - 2024-03-08 15:05:11.686307 - [273/114] PONG (2)
;
2024-03-08 15:05:12.977975 - [115] PING
 - 2024-03-08 15:05:13.546107 - [275/115] PONG (2)
;
2024-03-08 15:05:15.935366 - [278] keepalive
;
2024-03-08 15:05:15.289137 - [116] PING
 - 2024-03-08 15:05:16.187415 - [279/116] PONG (2)
;
2024-03-08 15:05:15.651545 - [117] PING
 - 2024-03-08 15:05:16.611728 - [281/117] PONG (2)
;
2024-03-08 15:05:17.710788 - [118] PING
 - 2024-03-08 15:05:18.150768 - [282/118] PONG (2)
;
2024-03-08 15:05:18.150768 - [119] PING
 - 2024-03-08 15:05:18.276079 - [283/119] PONG (2)
;
2024-03-08 15:05:20.001844 - [120] PING
 - 2024-03-08 15:05:20.112648 - [285/120] PONG (2)
;
2024-03-08 15:05:20.947591 - [287] keepalive
;
2024-03-08 15:05:22.940511 - [121] PING
 - 2024-03-08 15:05:23.323100 - [290/121] PONG (2)
;
2024-03-08 15:05:25.123338 - [122] PING
 - 2024-03-08 15:05:25.342557 - [293/122] PONG (2)
;
2024-03-08 15:05:25.955467 - [295] keepalive
;
2024-03-08 15:05:27.252039 - [123] PING
 - 2024-03-08 15:05:27.785324 - [297/123] PONG (2)
;
2024-03-08 15:05:30.038826 - [124] PING
 - 2024-03-08 15:05:30.434044 - [299/124] PONG (2)
;
2024-03-08 15:05:30.950659 - [301] keepalive
;
2024-03-08 15:05:32.505650 - [125] PING
 - 2024-03-08 15:05:32.616472 - [303/125] PONG (2)
;
2024-03-08 15:05:33.138299 - [126] PING
 - 2024-03-08 15:05:33.530747 - [304/126] PONG (2)
;
2024-03-08 15:05:34.273148 - [127] PING
 - 2024-03-08 15:05:34.950655 - [306/127] PONG (2)
;
2024-03-08 15:05:35.949897 - [309] keepalive
;
2024-03-08 15:05:36.323404 - [128] PING
 - 2024-03-08 15:05:36.659892 - [310/128] PONG (2)
;
2024-03-08 15:05:40.955852 - [313] keepalive
;
2024-03-08 15:05:41.178665 - [130] PING
 - 2024-03-08 15:05:42.062875 - [315/130] PONG (2)
;
2024-03-08 15:05:42.695664 - [131] PING
 - 2024-03-08 15:05:43.266119 - [316/131] PONG (2)
;
2024-03-08 15:05:38.893189 - [129] PING
 - 2024-03-08 15:05:43.902070 - (таймаут);
2024-03-08 15:05:45.174290 - [132] PING
 - 2024-03-08 15:05:45.301719 - [318/132] PONG (2)
;
2024-03-08 15:05:45.936369 - [322] keepalive
;
2024-03-08 15:05:45.809296 - [133] PING
 - 2024-03-08 15:05:45.936369 - [320/133] PONG (2)
;
2024-03-08 15:05:48.388396 - [134] PING
 - 2024-03-08 15:05:49.352358 - [323/134] PONG (2)
;
2024-03-08 15:05:49.384064 - [135] PING
 - 2024-03-08 15:05:49.747895 - [324/135] PONG (2)
;
2024-03-08 15:05:50.949093 - [327] keepalive
;
2024-03-08 15:05:50.857484 - [136] PING
 - 2024-03-08 15:05:51.042203 - [328/136] PONG (2)
;
2024-03-08 15:05:51.405418 - [137] PING
 - 2024-03-08 15:05:51.643314 - [329/137] PONG (2)
;
2024-03-08 15:05:53.432005 - [138] PING
 - 2024-03-08 15:05:53.619052 - [331/138] PONG (2)
;
2024-03-08 15:05:55.959650 - [335] keepalive
;
2024-03-08 15:05:56.118529 - [139] PING
 - 2024-03-08 15:05:56.893137 - [336/139] PONG (2)
;
2024-03-08 15:05:57.794367 - [140] PING
 - 2024-03-08 15:05:58.466880 - [337/140] PONG (2)
;
2024-03-08 15:06:00.960339 - [340] keepalive
;
2024-03-08 15:06:00.015873 - [141] PING
 - 2024-03-08 15:06:01.024178 - [341/141] PONG (2)
;
2024-03-08 15:06:02.485189 - [142] PING
 - 2024-03-08 15:06:03.489329 - [342/142] PONG (2)
;
2024-03-08 15:06:04.655014 - [143] PING
 - 2024-03-08 15:06:05.446764 - [345/143] PONG (2)
;
2024-03-08 15:06:05.952849 - [347] keepalive
;
2024-03-08 15:06:05.383257 - [144] PING
 - 2024-03-08 15:06:06.000415 - [348/144] PONG (2)
;
2024-03-08 15:06:05.873888 - [145] PING
 - 2024-03-08 15:06:06.141886 - [349/145] PONG (2)
;
2024-03-08 15:06:06.377538 - [146] PING
 - 2024-03-08 15:06:06.708228 - [350/146] PONG (2)
;
2024-03-08 15:06:08.963454 - [147] PING
 - 2024-03-08 15:06:09.910075 - [354/147] PONG (2)
;
2024-03-08 15:06:10.036254 - [148] PING
 - 2024-03-08 15:06:10.604376 - [356/148] PONG (2)
;
2024-03-08 15:06:10.949034 - [358] keepalive
;
2024-03-08 15:06:14.528663 - [152] PING
 - 2024-03-08 15:06:15.240345 - [360/152] PONG (2)
;
2024-03-08 15:06:15.950385 - [363] keepalive
;
2024-03-08 15:06:11.566610 - [149] PING
 - 2024-03-08 15:06:16.566945 - (таймаут);
2024-03-08 15:06:15.918796 - [153] PING
 - 2024-03-08 15:06:16.646293 - [364/153] PONG (2)
;
2024-03-08 15:06:12.009517 - [150] PING
 - 2024-03-08 15:06:17.009396 - (таймаут);
2024-03-08 15:06:16.503336 - [154] PING
 - 2024-03-08 15:06:17.215148 - [366/154] PONG (2)
;
2024-03-08 15:06:12.402896 - [151] PING
 - 2024-03-08 15:06:17.421267 - (таймаут);
2024-03-08 15:06:18.934796 - [155] PING
 - 2024-03-08 15:06:19.077172 - [368/155] PONG (2)
;
2024-03-08 15:06:20.666252 - [156] PING
 - 2024-03-08 15:06:20.775736 - [371/156] PONG (2)
;
2024-03-08 15:06:20.948418 - [373] keepalive
;
2024-03-08 15:06:20.995024 - [157] PING
 - 2024-03-08 15:06:21.655058 - [375/157] PONG (2)
;
2024-03-08 15:06:21.843616 - [158] PING
 - 2024-03-08 15:06:22.513833 - [376/158] PONG (2)
;
2024-03-08 15:06:25.953784 - [380] keepalive
;
2024-03-08 15:06:25.308300 - [160] PING
 - 2024-03-08 15:06:26.174691 - [381/160] PONG (2)
;
2024-03-08 15:06:28.111970 - [161] PING
 - 2024-03-08 15:06:28.726676 - [383/161] PONG (2)
;
2024-03-08 15:06:23.990540 - [159] PING
 - 2024-03-08 15:06:28.995357 - (таймаут);
2024-03-08 15:06:29.992120 - [162] PING
 - 2024-03-08 15:06:30.744793 - [385/162] PONG (2)
;
2024-03-08 15:06:30.948221 - [387] keepalive
;
2024-03-08 15:06:31.342993 - [163] PING
 - 2024-03-08 15:06:32.224526 - [388/163] PONG (2)
;
2024-03-08 15:06:31.704015 - [164] PING
 - 2024-03-08 15:06:32.947172 - [390/164] PONG (2)
;
2024-03-08 15:06:32.476103 - [165] PING
 - 2024-03-08 15:06:33.894991 - [391/165] PONG (2)
;
2024-03-08 15:06:33.087700 - [166] PING
 - 2024-03-08 15:06:34.827287 - [393/166] PONG (2)
;
2024-03-08 15:06:35.959856 - [395] keepalive
;
2024-03-08 15:06:36.780822 - [168] PING
 - 2024-03-08 15:06:37.302205 - [396/168] PONG (2)
;
2024-03-08 15:06:38.685408 - [169] PING
 - 2024-03-08 15:06:38.812012 - [398/169] PONG (2)
;
2024-03-08 15:06:34.416108 - [167] PING
 - 2024-03-08 15:06:39.426776 - (таймаут);
2024-03-08 15:06:40.953340 - [401] keepalive
;
2024-03-08 15:06:41.681218 - [170] PING
 - 2024-03-08 15:06:42.247912 - [403/170] PONG (2)
;
2024-03-08 15:06:42.814907 - [171] PING
 - 2024-03-08 15:06:42.972737 - [404/171] PONG (2)
;
2024-03-08 15:06:43.477274 - [172] PING
 - 2024-03-08 15:06:44.060905 - [406/172] PONG (2)
;
2024-03-08 15:06:45.952848 - [409] keepalive
;
2024-03-08 15:06:46.000561 - [173] PING
 - 2024-03-08 15:06:46.141349 - [410/173] PONG (2)
;
2024-03-08 15:06:47.801704 - [174] PING
 - 2024-03-08 15:06:47.943863 - [412/174] PONG (2)
;
2024-03-08 15:06:49.645998 - [176] PING
 - 2024-03-08 15:06:50.355912 - [414/176] PONG (2)
;
2024-03-08 15:06:50.954796 - [416] keepalive
;
2024-03-08 15:06:51.224243 - [177] PING
 - 2024-03-08 15:06:51.965767 - [418/177] PONG (2)
;
2024-03-08 15:06:48.983020 - [175] PING
 - 2024-03-08 15:06:53.985488 - (таймаут);
2024-03-08 15:06:53.717046 - [178] PING
 - 2024-03-08 15:06:53.969391 - [420/178] PONG (2)
;
2024-03-08 15:06:55.952040 - [423] keepalive
;
2024-03-08 15:06:56.330656 - [180] PING
 - 2024-03-08 15:06:56.676477 - [425/180] PONG (2)
;
2024-03-08 15:06:59.083911 - [181] PING
 - 2024-03-08 15:06:59.524481 - [429/181] PONG (2)
;
2024-03-08 15:06:59.413852 - [182] PING
 - 2024-03-08 15:06:59.681654 - [430/182] PONG (2)
;
2024-03-08 15:06:55.745972 - [179] PING
 - 2024-03-08 15:07:00.756658 - (таймаут);
2024-03-08 15:07:00.962393 - [433] keepalive
;
2024-03-08 15:07:01.231900 - [183] PING
 - 2024-03-08 15:07:01.862252 - [435/183] PONG (2)
;
2024-03-08 15:07:01.656130 - [184] PING
 - 2024-03-08 15:07:02.462823 - [437/184] PONG (2)
;
2024-03-08 15:07:02.130781 - [185] PING
 - 2024-03-08 15:07:03.220221 - [438/185] PONG (2)
;
2024-03-08 15:07:03.441593 - [186] PING
 - 2024-03-08 15:07:04.246138 - [440/186] PONG (2)
;
2024-03-08 15:07:04.911910 - [187] PING
 - 2024-03-08 15:07:05.355245 - [441/187] PONG (2)
;
